[debug] [2022-04-25T21:21:14.586Z] ----------------------------------------------------------------------
[debug] [2022-04-25T21:21:14.588Z] Command:       /usr/local/bin/node /usr/local/bin/firebase init hosting
[debug] [2022-04-25T21:21:14.588Z] CLI Version:   10.7.1
[debug] [2022-04-25T21:21:14.588Z] Platform:      darwin
[debug] [2022-04-25T21:21:14.588Z] Node Version:  v17.9.0
[debug] [2022-04-25T21:21:14.589Z] Time:          Mon Apr 25 2022 17:21:14 GMT-0400 (Eastern Daylight Saving Time)
[debug] [2022-04-25T21:21:14.589Z] ----------------------------------------------------------------------
[debug] 
[debug] [2022-04-25T21:21:14.630Z] > command requires scopes: ["email","openid","https://www.googleapis.com/auth/cloudplatformprojects.readonly","https://www.googleapis.com/auth/firebase","https://www.googleapis.com/auth/cloud-platform"]
[debug] [2022-04-25T21:21:14.631Z] > authorizing via signed-in user (bulusurohan@gmail.com)
[info] 
     ######## #### ########  ######## ########     ###     ######  ########
     ##        ##  ##     ## ##       ##     ##  ##   ##  ##       ##
     ######    ##  ########  ######   ########  #########  ######  ######
     ##        ##  ##    ##  ##       ##     ## ##     ##       ## ##
     ##       #### ##     ## ######## ########  ##     ##  ######  ########

You're about to initialize a Firebase project in this directory:

  /Users/rohanbulusu/React Projects/react-complete-guide

Before we get started, keep in mind:

  * You are initializing within an existing Firebase project directory

[info] 
=== Project Setup
[info] 
[info] First, let's associate this project directory with a Firebase project.
[info] You can create multiple project aliases by running firebase use --add, 
[info] but for now we'll just set up a default project.
[info] 
[debug] [2022-04-25T21:21:14.634Z] Using project from CLI flag: expense-tracker-909b5
[debug] [2022-04-25T21:21:14.635Z] >>> [apiv2][query] GET https://firebase.googleapis.com/v1beta1/projects/expense-tracker-909b5 [none]
[debug] [2022-04-25T21:21:15.169Z] <<< [apiv2][status] GET https://firebase.googleapis.com/v1beta1/projects/expense-tracker-909b5 200
[debug] [2022-04-25T21:21:15.169Z] <<< [apiv2][body] GET https://firebase.googleapis.com/v1beta1/projects/expense-tracker-909b5 {"projectId":"expense-tracker-909b5","projectNumber":"846815569752","displayName":"Expense Tracker","name":"projects/expense-tracker-909b5","resources":{"hostingSite":"expense-tracker-909b5"},"state":"ACTIVE"}
[info] i  Using project expense-tracker-909b5 (Expense Tracker) 
[info] 
=== Hosting Setup
[info] 
[info] Your public directory is the folder (relative to your project directory) that
[info] will contain Hosting assets to be uploaded with firebase deploy. If you
[info] have a build process for your assets, use your build's output directory.
[info] 
